
Tue May 22 11:32:05 CEST 2018 --- Thread: 13   application.InterfaceController
INFO: Levantando interfaz (TR000)
Tue May 22 11:32:05 CEST 2018 --- Thread: 13   application.InterfaceController
INFO: Cargando datos de usuario (TR010)
Tue May 22 11:35:21 CEST 2018 --- Thread: 13   application.InterfaceController
INFO: Levantando interfaz (TR000)
Tue May 22 11:35:21 CEST 2018 --- Thread: 13   application.InterfaceController
INFO: Cargando datos de usuario (TR010)
Tue May 22 11:36:14 CEST 2018 --- Thread: 13   application.InterfaceController
INFO: Levantando interfaz (TR000)
Tue May 22 11:36:14 CEST 2018 --- Thread: 13   application.InterfaceController
INFO: Cargando datos de usuario (TR010)
Tue May 22 11:37:12 CEST 2018 --- Thread: 13   application.InterfaceController
INFO: Levantando interfaz (TR000)
Tue May 22 11:37:12 CEST 2018 --- Thread: 13   application.InterfaceController
INFO: Cargando datos de usuario (TR010)
Tue May 22 11:38:30 CEST 2018 --- Thread: 16   application.InterfaceController
INFO: Levantando interfaz (TR000)
Tue May 22 11:38:39 CEST 2018 --- Thread: 16   application.InterfaceController
INFO: Cargando datos de usuario (TR010)
Tue May 22 11:46:28 CEST 2018 --- Thread: 13   application.InterfaceController
INFO: Levantando interfaz (TR000)
Tue May 22 11:46:28 CEST 2018 --- Thread: 13   application.InterfaceController
INFO: Cargando datos de usuario (TR010)
Tue May 22 11:46:58 CEST 2018 --- Thread: 16   application.InterfaceController
INFO: Levantando interfaz (TR000)
Tue May 22 11:46:58 CEST 2018 --- Thread: 16   application.InterfaceController
INFO: Cargando datos de usuario (TR010)
Tue May 22 11:49:44 CEST 2018 --- Thread: 16   application.InterfaceController
INFO: Levantando interfaz (TR000)
Tue May 22 11:49:44 CEST 2018 --- Thread: 16   application.InterfaceController
INFO: Cargando datos de usuario (TR010)
Tue May 22 11:53:09 CEST 2018 --- Thread: 13   application.InterfaceController
INFO: Levantando interfaz (TR000)
Tue May 22 11:53:09 CEST 2018 --- Thread: 13   application.InterfaceController
INFO: Cargando datos de usuario (TR010)
Tue May 22 15:13:54 CEST 2018 --- Thread: 13   application.InterfaceController
INFO: Levantando interfaz (TR000)
Tue May 22 15:13:54 CEST 2018 --- Thread: 13   application.InterfaceController
INFO: Cargando datos de usuario (TR010)
Tue May 22 15:21:57 CEST 2018 --- Thread: 13   application.InterfaceController
INFO: Levantando interfaz (TR000)
Tue May 22 15:21:58 CEST 2018 --- Thread: 13   application.InterfaceController
INFO: Cargando datos de usuario (TR010)
Tue May 22 15:37:35 CEST 2018 --- Thread: 13   application.InterfaceController
INFO: Levantando interfaz (TR000)
Tue May 22 15:37:35 CEST 2018 --- Thread: 13   application.InterfaceController
INFO: Cargando datos de usuario (TR010)
Tue May 22 15:55:44 CEST 2018 --- Thread: 13   application.InterfaceController
INFO: Levantando interfaz (TR000)
Tue May 22 15:55:44 CEST 2018 --- Thread: 13   application.InterfaceController
INFO: Cargando datos de usuario (TR010)
Tue May 22 15:57:50 CEST 2018 --- Thread: 13   application.InterfaceController
INFO: Levantando interfaz (TR000)
Tue May 22 15:57:51 CEST 2018 --- Thread: 13   application.InterfaceController
INFO: Cargando datos de usuario (TR010)
Tue May 22 16:05:26 CEST 2018 --- Thread: 13   application.InterfaceController
INFO: Levantando interfaz (TR000)
Tue May 22 16:05:26 CEST 2018 --- Thread: 13   application.InterfaceController
INFO: Cargando datos de usuario (TR010)
Tue May 22 16:07:27 CEST 2018 --- Thread: 13   application.InterfaceController
INFO: Levantando interfaz (TR000)
Tue May 22 16:07:27 CEST 2018 --- Thread: 13   application.InterfaceController
INFO: Cargando datos de usuario (TR010)
Tue May 22 16:28:19 CEST 2018 --- Thread: 13   application.InterfaceController
INFO: Levantando interfaz (TR000)
Tue May 22 16:28:19 CEST 2018 --- Thread: 13   application.InterfaceController
INFO: Cargando datos de usuario (TR010)
Tue May 22 16:29:22 CEST 2018 --- Thread: 13   application.InterfaceController
INFO: Levantando interfaz (TR000)
Tue May 22 16:29:22 CEST 2018 --- Thread: 13   application.InterfaceController
INFO: Cargando datos de usuario (TR010)
Tue May 22 16:32:50 CEST 2018 --- Thread: 13   application.InterfaceController
INFO: Levantando interfaz (TR000)
Tue May 22 16:32:50 CEST 2018 --- Thread: 13   application.InterfaceController
INFO: Cargando datos de usuario (TR010)
Tue May 22 16:42:06 CEST 2018 --- Thread: 13   application.InterfaceController
INFO: Levantando interfaz (TR000)
Tue May 22 16:42:06 CEST 2018 --- Thread: 13   application.InterfaceController
INFO: Cargando datos de usuario (TR010)
Tue May 22 17:06:18 CEST 2018 --- Thread: 13   application.InterfaceController
INFO: Levantando interfaz (TR000)
Tue May 22 17:06:18 CEST 2018 --- Thread: 13   application.InterfaceController
INFO: Cargando datos de usuario (TR010)
Tue May 22 17:08:14 CEST 2018 --- Thread: 13   application.InterfaceController
INFO: Levantando interfaz (TR000)
Tue May 22 17:08:14 CEST 2018 --- Thread: 13   application.InterfaceController
INFO: Cargando datos de usuario (TR010)
Tue May 22 17:12:22 CEST 2018 --- Thread: 13   application.InterfaceController
INFO: Levantando interfaz (TR000)
Tue May 22 17:12:23 CEST 2018 --- Thread: 13   application.InterfaceController
INFO: Cargando datos de usuario (TR010)
Tue May 22 17:13:00 CEST 2018 --- Thread: 13   application.InterfaceController
INFO: Levantando interfaz (TR000)
Tue May 22 17:13:00 CEST 2018 --- Thread: 13   application.InterfaceController
INFO: Cargando datos de usuario (TR010)
Tue May 22 17:14:04 CEST 2018 --- Thread: 13   application.InterfaceController
INFO: Levantando interfaz (TR000)
Tue May 22 17:14:04 CEST 2018 --- Thread: 13   application.InterfaceController
INFO: Cargando datos de usuario (TR010)
Tue May 22 17:15:09 CEST 2018 --- Thread: 13   application.InterfaceController
INFO: Levantando interfaz (TR000)
Tue May 22 17:15:09 CEST 2018 --- Thread: 13   application.InterfaceController
INFO: Cargando datos de usuario (TR010)
Tue May 22 17:17:05 CEST 2018 --- Thread: 16   application.InterfaceController
INFO: Levantando interfaz (TR000)
Tue May 22 17:17:19 CEST 2018 --- Thread: 16   application.InterfaceController
INFO: Cargando datos de usuario (TR010)
Tue May 22 17:23:10 CEST 2018 --- Thread: 13   application.InterfaceController
INFO: Levantando interfaz (TR000)
Tue May 22 17:23:10 CEST 2018 --- Thread: 13   application.InterfaceController
INFO: Cargando datos de usuario (TR010)
Tue May 22 17:28:02 CEST 2018 --- Thread: 13   application.InterfaceController
INFO: Levantando interfaz (TR000)
Tue May 22 17:28:02 CEST 2018 --- Thread: 13   application.InterfaceController
INFO: Cargando datos de usuario (TR010)
Tue May 22 17:35:36 CEST 2018 --- Thread: 13   application.InterfaceController
INFO: Levantando interfaz (TR000)
Tue May 22 17:35:37 CEST 2018 --- Thread: 13   application.InterfaceController
INFO: Cargando datos de usuario (TR010)
Tue May 22 17:37:37 CEST 2018 --- Thread: 13   application.InterfaceController
INFO: Levantando interfaz (TR000)
Tue May 22 17:37:37 CEST 2018 --- Thread: 13   application.InterfaceController
INFO: Cargando datos de usuario (TR010)
Tue May 22 17:38:45 CEST 2018 --- Thread: 13   application.InterfaceController
INFO: Levantando interfaz (TR000)
Tue May 22 17:38:45 CEST 2018 --- Thread: 13   application.InterfaceController
INFO: Cargando datos de usuario (TR010)
Tue May 22 17:39:21 CEST 2018 --- Thread: 13   application.InterfaceController
INFO: Levantando interfaz (TR000)
Tue May 22 17:39:21 CEST 2018 --- Thread: 13   application.InterfaceController
INFO: Cargando datos de usuario (TR010)
Tue May 22 17:41:51 CEST 2018 --- Thread: 13   application.InterfaceController
INFO: Levantando interfaz (TR000)
Tue May 22 17:41:51 CEST 2018 --- Thread: 13   application.InterfaceController
INFO: Cargando datos de usuario (TR010)
Tue May 22 17:44:00 CEST 2018 --- Thread: 16   application.InterfaceController
INFO: Levantando interfaz (TR000)
Tue May 22 17:44:04 CEST 2018 --- Thread: 16   application.InterfaceController
INFO: Cargando datos de usuario (TR010)
Tue May 22 17:46:26 CEST 2018 --- Thread: 13   application.InterfaceController
INFO: Levantando interfaz (TR000)
Tue May 22 17:46:26 CEST 2018 --- Thread: 13   application.InterfaceController
INFO: Cargando datos de usuario (TR010)
Tue May 22 17:47:08 CEST 2018 --- Thread: 13   application.InterfaceController
INFO: Levantando interfaz (TR000)
Tue May 22 17:47:09 CEST 2018 --- Thread: 13   application.InterfaceController
INFO: Cargando datos de usuario (TR010)
Tue May 22 17:48:34 CEST 2018 --- Thread: 13   application.InterfaceController
INFO: Levantando interfaz (TR000)
Tue May 22 17:48:34 CEST 2018 --- Thread: 13   application.InterfaceController
INFO: Cargando datos de usuario (TR010)
Tue May 22 17:50:52 CEST 2018 --- Thread: 13   application.InterfaceController
INFO: Levantando interfaz (TR000)
Tue May 22 17:50:53 CEST 2018 --- Thread: 13   application.InterfaceController
INFO: Cargando datos de usuario (TR010)
Tue May 22 17:53:07 CEST 2018 --- Thread: 13   application.InterfaceController
INFO: Levantando interfaz (TR000)
Tue May 22 17:53:07 CEST 2018 --- Thread: 13   application.InterfaceController
INFO: Cargando datos de usuario (TR010)
Tue May 22 17:55:15 CEST 2018 --- Thread: 13   application.InterfaceController
INFO: Levantando interfaz (TR000)
Tue May 22 17:55:15 CEST 2018 --- Thread: 13   application.InterfaceController
INFO: Cargando datos de usuario (TR010)
Tue May 22 17:56:14 CEST 2018 --- Thread: 13   application.InterfaceController
INFO: Levantando interfaz (TR000)
Tue May 22 17:56:14 CEST 2018 --- Thread: 13   application.InterfaceController
INFO: Cargando datos de usuario (TR010)
Tue May 22 17:58:11 CEST 2018 --- Thread: 13   application.InterfaceController
INFO: Levantando interfaz (TR000)
Tue May 22 17:58:11 CEST 2018 --- Thread: 13   application.InterfaceController
INFO: Cargando datos de usuario (TR010)
Tue May 22 18:02:12 CEST 2018 --- Thread: 13   application.InterfaceController
INFO: Levantando interfaz (TR000)
Tue May 22 18:02:12 CEST 2018 --- Thread: 13   application.InterfaceController
INFO: Cargando datos de usuario (TR010)
Tue May 22 18:04:53 CEST 2018 --- Thread: 13   application.InterfaceController
INFO: Levantando interfaz (TR000)
Tue May 22 18:04:54 CEST 2018 --- Thread: 13   application.InterfaceController
INFO: Cargando datos de usuario (TR010)
Tue May 22 18:08:54 CEST 2018 --- Thread: 13   application.InterfaceController
INFO: Levantando interfaz (TR000)
Tue May 22 18:08:55 CEST 2018 --- Thread: 13   application.InterfaceController
INFO: Cargando datos de usuario (TR010)
Tue May 22 18:14:30 CEST 2018 --- Thread: 13   application.InterfaceController
INFO: Levantando interfaz (TR000)
Tue May 22 18:14:31 CEST 2018 --- Thread: 13   application.InterfaceController
INFO: Cargando datos de usuario (TR010)
Tue May 22 18:19:07 CEST 2018 --- Thread: 13   application.InterfaceController
INFO: Levantando interfaz (TR000)
Tue May 22 18:19:08 CEST 2018 --- Thread: 13   application.InterfaceController
INFO: Cargando datos de usuario (TR010)
Tue May 22 18:28:04 CEST 2018 --- Thread: 13   application.InterfaceController
INFO: Levantando interfaz (TR000)
Tue May 22 18:28:04 CEST 2018 --- Thread: 13   application.InterfaceController
INFO: Cargando datos de usuario (TR010)
Tue May 22 18:30:42 CEST 2018 --- Thread: 13   application.InterfaceController
INFO: Levantando interfaz (TR000)
Tue May 22 18:30:42 CEST 2018 --- Thread: 13   application.InterfaceController
INFO: Cargando datos de usuario (TR010)
Tue May 22 18:33:59 CEST 2018 --- Thread: 13   application.InterfaceController
INFO: Levantando interfaz (TR000)
Tue May 22 18:33:59 CEST 2018 --- Thread: 13   application.InterfaceController
INFO: Cargando datos de usuario (TR010)
Tue May 22 18:35:00 CEST 2018 --- Thread: 13   application.InterfaceController
INFO: Levantando interfaz (TR000)
Tue May 22 18:35:01 CEST 2018 --- Thread: 13   application.InterfaceController
INFO: Cargando datos de usuario (TR010)
Tue May 22 18:36:01 CEST 2018 --- Thread: 13   application.InterfaceController
INFO: Levantando interfaz (TR000)
Tue May 22 18:36:01 CEST 2018 --- Thread: 13   application.InterfaceController
INFO: Cargando datos de usuario (TR010)
Tue May 22 18:36:16 CEST 2018 --- Thread: 13   application.InterfaceController
INFO: Levantando interfaz (TR000)
Tue May 22 18:36:16 CEST 2018 --- Thread: 13   application.InterfaceController
INFO: Cargando datos de usuario (TR010)
Tue May 22 18:41:18 CEST 2018 --- Thread: 13   application.InterfaceController
INFO: Levantando interfaz (TR000)
Tue May 22 18:41:18 CEST 2018 --- Thread: 13   application.InterfaceController
INFO: Cargando datos de usuario (TR010)
Tue May 22 18:41:30 CEST 2018 --- Thread: 13   application.InterfaceController
INFO: Levantando interfaz (TR000)
Tue May 22 18:41:30 CEST 2018 --- Thread: 13   application.InterfaceController
INFO: Cargando datos de usuario (TR010)
Tue May 22 18:49:27 CEST 2018 --- Thread: 13   application.InterfaceController
INFO: Levantando interfaz (TR000)
Tue May 22 18:49:27 CEST 2018 --- Thread: 13   application.InterfaceController
INFO: Cargando datos de usuario (TR010)
Tue May 22 19:13:08 CEST 2018 --- Thread: 13   application.InterfaceController
INFO: Levantando interfaz (TR000)
Tue May 22 19:13:08 CEST 2018 --- Thread: 13   application.InterfaceController
INFO: Cargando datos de usuario (TR010)
Wed May 23 11:42:55 CEST 2018 --- Thread: 13   application.InterfaceController
INFO: Levantando interfaz (TR000)
Wed May 23 11:42:55 CEST 2018 --- Thread: 13   application.InterfaceController
INFO: Cargando datos de usuario (TR010)
Wed May 23 11:46:03 CEST 2018 --- Thread: 13   application.InterfaceController
INFO: Levantando interfaz (TR000)
Wed May 23 11:46:04 CEST 2018 --- Thread: 13   application.InterfaceController
INFO: Cargando datos de usuario (TR010)
Wed May 23 11:47:13 CEST 2018 --- Thread: 13   application.InterfaceController
INFO: Levantando interfaz (TR000)
Wed May 23 11:47:13 CEST 2018 --- Thread: 13   application.InterfaceController
INFO: Cargando datos de usuario (TR010)
Wed May 23 11:47:56 CEST 2018 --- Thread: 13   application.InterfaceController
INFO: Levantando interfaz (TR000)
Wed May 23 11:47:56 CEST 2018 --- Thread: 13   application.InterfaceController
INFO: Cargando datos de usuario (TR010)
Wed May 23 12:26:09 CEST 2018 --- Thread: 16   application.InterfaceController
INFO: Levantando interfaz (TR000)
Wed May 23 12:26:22 CEST 2018 --- Thread: 16   application.InterfaceController
INFO: Cargando datos de usuario (TR010)
Thu May 24 12:08:12 CEST 2018 --- Thread: 13   application.InterfaceController
INFO: Levantando interfaz (TR000)
Thu May 24 12:08:12 CEST 2018 --- Thread: 13   application.InterfaceController
INFO: Cargando datos de usuario (TR010)
Thu May 24 12:08:20 CEST 2018 --- Thread: 13   application.HelloWorld
INFO: Cerrando App desde ventana (TR040)

