
Tue May 22 19:14:03 CEST 2018 --- Thread: 30   Sistemas de ayuda a la toma de decisiones (2016-2017)
INFO: Suscesfull update
Tue May 22 19:14:04 CEST 2018 --- Thread: 35   Diseño y administración de redes (2016-2017)
INFO: Suscesfull update
Tue May 22 19:14:14 CEST 2018 --- Thread: 32   Sistemas y tecnologías web (2016-2017)
INFO: Suscesfull update
Tue May 22 19:14:16 CEST 2018 --- Thread: 31   Seguridad informática (2016-2017)
INFO: Suscesfull update
Tue May 22 19:14:22 CEST 2018 --- Thread: 29   Diseño centrado en el usuario. Diseño para la multimedia (2016-2017)
INFO: Suscesfull update
Tue May 22 19:14:41 CEST 2018 --- Thread: 36   Comercio electrónico (2016-2017)
INFO: Suscesfull update
Tue May 22 19:15:19 CEST 2018 --- Thread: 34   Sistemas legados (2016-2017)
INFO: Suscesfull update
Tue May 22 19:15:24 CEST 2018 --- Thread: 33   Ingeniería del Software (2016-2017)
INFO: Suscesfull update
Tue May 22 19:20:21 CEST 2018 --- Thread: 108   Sistemas legados (2016-2017)
INFO: Suscesfull update
Tue May 22 19:20:32 CEST 2018 --- Thread: 106   Sistemas y tecnologías web (2016-2017)
INFO: Suscesfull update
Tue May 22 19:20:48 CEST 2018 --- Thread: 107   Ingeniería del Software (2016-2017)
INFO: Suscesfull update
Tue May 22 19:20:50 CEST 2018 --- Thread: 109   Diseño y administración de redes (2016-2017)
INFO: Suscesfull update
Tue May 22 19:21:05 CEST 2018 --- Thread: 104   Sistemas de ayuda a la toma de decisiones (2016-2017)
INFO: Suscesfull update
Tue May 22 19:21:06 CEST 2018 --- Thread: 105   Seguridad informática (2016-2017)
INFO: Suscesfull update
Tue May 22 19:21:08 CEST 2018 --- Thread: 110   Comercio electrónico (2016-2017)
INFO: Suscesfull update
Tue May 22 19:21:11 CEST 2018 --- Thread: 103   Diseño centrado en el usuario. Diseño para la multimedia (2016-2017)
INFO: Suscesfull update
Tue May 22 19:25:57 CEST 2018 --- Thread: 182   Sistemas legados (2016-2017)
INFO: Suscesfull update
Tue May 22 19:26:12 CEST 2018 --- Thread: 180   Sistemas y tecnologías web (2016-2017)
INFO: Suscesfull update
Tue May 22 19:26:22 CEST 2018 --- Thread: 184   Comercio electrónico (2016-2017)
INFO: Suscesfull update
Tue May 22 19:26:23 CEST 2018 --- Thread: 181   Ingeniería del Software (2016-2017)
INFO: Suscesfull update
Tue May 22 19:26:29 CEST 2018 --- Thread: 183   Diseño y administración de redes (2016-2017)
INFO: Suscesfull update
Tue May 22 19:26:35 CEST 2018 --- Thread: 179   Seguridad informática (2016-2017)
INFO: Suscesfull update
Tue May 22 19:26:40 CEST 2018 --- Thread: 177   Diseño centrado en el usuario. Diseño para la multimedia (2016-2017)
INFO: Suscesfull update
Tue May 22 19:26:42 CEST 2018 --- Thread: 178   Sistemas de ayuda a la toma de decisiones (2016-2017)
INFO: Suscesfull update
Tue May 22 19:32:15 CEST 2018 --- Thread: 254   Sistemas y tecnologías web (2016-2017)
INFO: Suscesfull update
Tue May 22 19:32:16 CEST 2018 --- Thread: 258   Comercio electrónico (2016-2017)
INFO: Suscesfull update
Tue May 22 19:32:17 CEST 2018 --- Thread: 256   Sistemas legados (2016-2017)
INFO: Suscesfull update
Tue May 22 19:32:24 CEST 2018 --- Thread: 252   Sistemas de ayuda a la toma de decisiones (2016-2017)
INFO: Suscesfull update
Tue May 22 19:32:32 CEST 2018 --- Thread: 257   Diseño y administración de redes (2016-2017)
INFO: Suscesfull update
Tue May 22 19:32:33 CEST 2018 --- Thread: 255   Ingeniería del Software (2016-2017)
INFO: Suscesfull update
Tue May 22 19:32:39 CEST 2018 --- Thread: 251   Diseño centrado en el usuario. Diseño para la multimedia (2016-2017)
INFO: Suscesfull update
Tue May 22 19:32:47 CEST 2018 --- Thread: 253   Seguridad informática (2016-2017)
INFO: Suscesfull update