
Mon May 07 13:48:02 CEST 2018 --- Thread: 29   Sistemas legados (2016-2017)
INFO: Suscesfull update
Mon May 07 13:48:06 CEST 2018 --- Thread: 27   Sistemas y tecnologías web (2016-2017)
INFO: Suscesfull update
Mon May 07 13:48:16 CEST 2018 --- Thread: 28   Ingeniería del Software (2016-2017)
INFO: Suscesfull update
Mon May 07 13:48:18 CEST 2018 --- Thread: 31   Comercio electrónico (2016-2017)
INFO: Suscesfull update
Mon May 07 13:48:25 CEST 2018 --- Thread: 25   Sistemas de ayuda a la toma de decisiones (2016-2017)
INFO: Suscesfull update
Mon May 07 13:48:28 CEST 2018 --- Thread: 24   Diseño centrado en el usuario. Diseño para la multimedia (2016-2017)
INFO: Suscesfull update
Mon May 07 13:48:31 CEST 2018 --- Thread: 30   Diseño y administración de redes (2016-2017)
INFO: Suscesfull update
Mon May 07 13:48:33 CEST 2018 --- Thread: 26   Seguridad informática (2016-2017)
INFO: Suscesfull update
Mon May 07 13:49:26 CEST 2018 --- Thread: 103   Sistemas legados (2016-2017)
INFO: Suscesfull update
Mon May 07 13:49:41 CEST 2018 --- Thread: 101   Sistemas y tecnologías web (2016-2017)
INFO: Suscesfull update
Mon May 07 13:49:45 CEST 2018 --- Thread: 102   Ingeniería del Software (2016-2017)
INFO: Suscesfull update
Mon May 07 13:49:55 CEST 2018 --- Thread: 104   Diseño y administración de redes (2016-2017)
INFO: Suscesfull update
Mon May 07 13:49:57 CEST 2018 --- Thread: 100   Seguridad informática (2016-2017)
INFO: Suscesfull update
Mon May 07 13:50:03 CEST 2018 --- Thread: 99   Sistemas de ayuda a la toma de decisiones (2016-2017)
INFO: Suscesfull update
Mon May 07 13:50:06 CEST 2018 --- Thread: 105   Comercio electrónico (2016-2017)
INFO: Suscesfull update
Mon May 07 13:50:13 CEST 2018 --- Thread: 98   Diseño centrado en el usuario. Diseño para la multimedia (2016-2017)
INFO: Suscesfull update
Mon May 07 13:51:08 CEST 2018 --- Thread: 177   Sistemas legados (2016-2017)
INFO: Suscesfull update
Mon May 07 13:51:29 CEST 2018 --- Thread: 176   Ingeniería del Software (2016-2017)
INFO: Suscesfull update
Mon May 07 13:51:34 CEST 2018 --- Thread: 175   Sistemas y tecnologías web (2016-2017)
INFO: Suscesfull update
Mon May 07 13:51:41 CEST 2018 --- Thread: 174   Seguridad informática (2016-2017)
INFO: Suscesfull update
Mon May 07 13:51:42 CEST 2018 --- Thread: 178   Diseño y administración de redes (2016-2017)
INFO: Suscesfull update
Mon May 07 13:51:44 CEST 2018 --- Thread: 179   Comercio electrónico (2016-2017)
INFO: Suscesfull update
Mon May 07 13:51:48 CEST 2018 --- Thread: 172   Diseño centrado en el usuario. Diseño para la multimedia (2016-2017)
INFO: Suscesfull update
Mon May 07 13:51:50 CEST 2018 --- Thread: 173   Sistemas de ayuda a la toma de decisiones (2016-2017)
INFO: Suscesfull update
Mon May 07 14:34:05 CEST 2018 --- Thread: 31   Comercio electrónico (2016-2017)
INFO: Suscesfull update
Mon May 07 14:34:29 CEST 2018 --- Thread: 26   Seguridad informática (2016-2017)
INFO: Suscesfull update
Mon May 07 14:34:33 CEST 2018 --- Thread: 25   Sistemas de ayuda a la toma de decisiones (2016-2017)
INFO: Suscesfull update
Mon May 07 14:34:34 CEST 2018 --- Thread: 24   Diseño centrado en el usuario. Diseño para la multimedia (2016-2017)
INFO: Suscesfull update
Mon May 07 14:34:38 CEST 2018 --- Thread: 29   Sistemas legados (2016-2017)
INFO: Suscesfull update
Mon May 07 14:34:40 CEST 2018 --- Thread: 30   Diseño y administración de redes (2016-2017)
INFO: Suscesfull update
Mon May 07 14:34:47 CEST 2018 --- Thread: 27   Sistemas y tecnologías web (2016-2017)
INFO: Suscesfull update
Mon May 07 14:35:24 CEST 2018 --- Thread: 28   Ingeniería del Software (2016-2017)
INFO: Suscesfull update
Mon May 07 14:36:42 CEST 2018 --- Thread: 102   Ingeniería del Software (2016-2017)
INFO: Suscesfull update
Mon May 07 14:36:51 CEST 2018 --- Thread: 105   Comercio electrónico (2016-2017)
INFO: Suscesfull update
Mon May 07 14:36:52 CEST 2018 --- Thread: 101   Sistemas y tecnologías web (2016-2017)
INFO: Suscesfull update
Mon May 07 14:36:58 CEST 2018 --- Thread: 100   Seguridad informática (2016-2017)
INFO: Suscesfull update
Mon May 07 14:37:02 CEST 2018 --- Thread: 104   Diseño y administración de redes (2016-2017)
INFO: Suscesfull update
Mon May 07 14:37:05 CEST 2018 --- Thread: 98   Diseño centrado en el usuario. Diseño para la multimedia (2016-2017)
INFO: Suscesfull update
Mon May 07 14:37:06 CEST 2018 --- Thread: 103   Sistemas legados (2016-2017)
INFO: Suscesfull update
Mon May 07 14:37:07 CEST 2018 --- Thread: 99   Sistemas de ayuda a la toma de decisiones (2016-2017)
INFO: Suscesfull update
Mon May 07 14:42:35 CEST 2018 --- Thread: 176   Ingeniería del Software (2016-2017)
INFO: Suscesfull update
Mon May 07 14:42:46 CEST 2018 --- Thread: 179   Comercio electrónico (2016-2017)
INFO: Suscesfull update
Mon May 07 14:42:48 CEST 2018 --- Thread: 174   Seguridad informática (2016-2017)
INFO: Suscesfull update
Mon May 07 14:42:49 CEST 2018 --- Thread: 177   Sistemas legados (2016-2017)
INFO: Suscesfull update
Mon May 07 14:42:50 CEST 2018 --- Thread: 175   Sistemas y tecnologías web (2016-2017)
INFO: Suscesfull update
Mon May 07 14:42:52 CEST 2018 --- Thread: 173   Sistemas de ayuda a la toma de decisiones (2016-2017)
INFO: Suscesfull update
Mon May 07 14:42:55 CEST 2018 --- Thread: 178   Diseño y administración de redes (2016-2017)
INFO: Suscesfull update
Mon May 07 14:42:56 CEST 2018 --- Thread: 172   Diseño centrado en el usuario. Diseño para la multimedia (2016-2017)
INFO: Suscesfull update
Mon May 07 14:44:59 CEST 2018 --- Thread: 248   Seguridad informática (2016-2017)
INFO: Suscesfull update
Mon May 07 14:45:01 CEST 2018 --- Thread: 249   Sistemas y tecnologías web (2016-2017)
INFO: Suscesfull update
Mon May 07 14:45:04 CEST 2018 --- Thread: 253   Comercio electrónico (2016-2017)
INFO: Suscesfull update
Mon May 07 14:45:08 CEST 2018 --- Thread: 250   Ingeniería del Software (2016-2017)
INFO: Suscesfull update
Mon May 07 14:45:17 CEST 2018 --- Thread: 247   Sistemas de ayuda a la toma de decisiones (2016-2017)
INFO: Suscesfull update
Mon May 07 14:45:18 CEST 2018 --- Thread: 246   Diseño centrado en el usuario. Diseño para la multimedia (2016-2017)
INFO: Suscesfull update
Mon May 07 14:45:18 CEST 2018 --- Thread: 251   Sistemas legados (2016-2017)
INFO: Suscesfull update
Mon May 07 14:45:19 CEST 2018 --- Thread: 252   Diseño y administración de redes (2016-2017)
INFO: Suscesfull update
Mon May 07 14:52:48 CEST 2018 --- Thread: 31   Comercio electrónico (2016-2017)
INFO: Suscesfull update
Mon May 07 14:52:53 CEST 2018 --- Thread: 27   Sistemas y tecnologías web (2016-2017)
INFO: Suscesfull update
Mon May 07 14:52:55 CEST 2018 --- Thread: 29   Sistemas legados (2016-2017)
INFO: Suscesfull update
Mon May 07 14:52:58 CEST 2018 --- Thread: 28   Ingeniería del Software (2016-2017)
INFO: Suscesfull update
Mon May 07 14:53:10 CEST 2018 --- Thread: 24   Diseño centrado en el usuario. Diseño para la multimedia (2016-2017)
INFO: Suscesfull update
Mon May 07 14:53:13 CEST 2018 --- Thread: 26   Seguridad informática (2016-2017)
INFO: Suscesfull update
Mon May 07 14:53:16 CEST 2018 --- Thread: 30   Diseño y administración de redes (2016-2017)
INFO: Suscesfull update
Mon May 07 14:53:17 CEST 2018 --- Thread: 25   Sistemas de ayuda a la toma de decisiones (2016-2017)
INFO: Suscesfull update
Mon May 07 14:53:48 CEST 2018 --- Thread: 102   Ingeniería del Software (2016-2017)
INFO: Suscesfull update
Mon May 07 14:54:08 CEST 2018 --- Thread: 105   Comercio electrónico (2016-2017)
INFO: Suscesfull update
Mon May 07 14:54:11 CEST 2018 --- Thread: 101   Sistemas y tecnologías web (2016-2017)
INFO: Suscesfull update
Mon May 07 14:54:13 CEST 2018 --- Thread: 100   Seguridad informática (2016-2017)
INFO: Suscesfull update
Mon May 07 14:54:15 CEST 2018 --- Thread: 104   Diseño y administración de redes (2016-2017)
INFO: Suscesfull update
Mon May 07 14:54:17 CEST 2018 --- Thread: 103   Sistemas legados (2016-2017)
INFO: Suscesfull update
Mon May 07 14:54:19 CEST 2018 --- Thread: 98   Diseño centrado en el usuario. Diseño para la multimedia (2016-2017)
INFO: Suscesfull update
Mon May 07 14:54:19 CEST 2018 --- Thread: 99   Sistemas de ayuda a la toma de decisiones (2016-2017)
INFO: Suscesfull update
Mon May 07 14:55:55 CEST 2018 --- Thread: 33   Sistemas legados (2016-2017)
INFO: Suscesfull update
Mon May 07 14:56:07 CEST 2018 --- Thread: 35   Comercio electrónico (2016-2017)
INFO: Suscesfull update
Mon May 07 14:56:18 CEST 2018 --- Thread: 31   Sistemas y tecnologías web (2016-2017)
INFO: Suscesfull update
Mon May 07 14:56:22 CEST 2018 --- Thread: 32   Ingeniería del Software (2016-2017)
INFO: Suscesfull update
Mon May 07 14:56:24 CEST 2018 --- Thread: 34   Diseño y administración de redes (2016-2017)
INFO: Suscesfull update
Mon May 07 14:56:26 CEST 2018 --- Thread: 29   Sistemas de ayuda a la toma de decisiones (2016-2017)
INFO: Suscesfull update
Mon May 07 14:56:30 CEST 2018 --- Thread: 30   Seguridad informática (2016-2017)
INFO: Suscesfull update
Mon May 07 14:56:34 CEST 2018 --- Thread: 28   Diseño centrado en el usuario. Diseño para la multimedia (2016-2017)
INFO: Suscesfull update
Mon May 07 14:56:54 CEST 2018 --- Thread: 107   Sistemas legados (2016-2017)
INFO: Suscesfull update
Mon May 07 14:57:02 CEST 2018 --- Thread: 108   Diseño y administración de redes (2016-2017)
INFO: Suscesfull update
Mon May 07 14:57:08 CEST 2018 --- Thread: 109   Comercio electrónico (2016-2017)
INFO: Suscesfull update
Mon May 07 14:57:11 CEST 2018 --- Thread: 106   Ingeniería del Software (2016-2017)
INFO: Suscesfull update
Mon May 07 14:57:21 CEST 2018 --- Thread: 105   Sistemas y tecnologías web (2016-2017)
INFO: Suscesfull update
Mon May 07 14:57:22 CEST 2018 --- Thread: 102   Diseño centrado en el usuario. Diseño para la multimedia (2016-2017)
INFO: Suscesfull update
Mon May 07 14:57:28 CEST 2018 --- Thread: 104   Seguridad informática (2016-2017)
INFO: Suscesfull update
Mon May 07 14:57:29 CEST 2018 --- Thread: 103   Sistemas de ayuda a la toma de decisiones (2016-2017)
INFO: Suscesfull update
Mon May 07 14:57:41 CEST 2018 --- Thread: 181   Sistemas legados (2016-2017)
INFO: Suscesfull update
Mon May 07 14:58:05 CEST 2018 --- Thread: 183   Comercio electrónico (2016-2017)
INFO: Suscesfull update
Mon May 07 14:58:07 CEST 2018 --- Thread: 180   Ingeniería del Software (2016-2017)
INFO: Suscesfull update
Mon May 07 14:58:10 CEST 2018 --- Thread: 182   Diseño y administración de redes (2016-2017)
INFO: Suscesfull update
Mon May 07 14:58:11 CEST 2018 --- Thread: 179   Sistemas y tecnologías web (2016-2017)
INFO: Suscesfull update
Mon May 07 14:58:17 CEST 2018 --- Thread: 177   Sistemas de ayuda a la toma de decisiones (2016-2017)
INFO: Suscesfull update
Mon May 07 14:58:19 CEST 2018 --- Thread: 178   Seguridad informática (2016-2017)
INFO: Suscesfull update
Mon May 07 14:58:21 CEST 2018 --- Thread: 176   Diseño centrado en el usuario. Diseño para la multimedia (2016-2017)
INFO: Suscesfull update
Mon May 07 14:58:40 CEST 2018 --- Thread: 255   Sistemas legados (2016-2017)
INFO: Suscesfull update
Mon May 07 14:58:44 CEST 2018 --- Thread: 253   Sistemas y tecnologías web (2016-2017)
INFO: Suscesfull update
Mon May 07 14:58:58 CEST 2018 --- Thread: 257   Comercio electrónico (2016-2017)
INFO: Suscesfull update
Mon May 07 14:59:01 CEST 2018 --- Thread: 254   Ingeniería del Software (2016-2017)
INFO: Suscesfull update
Mon May 07 14:59:03 CEST 2018 --- Thread: 256   Diseño y administración de redes (2016-2017)
INFO: Suscesfull update
Mon May 07 14:59:08 CEST 2018 --- Thread: 251   Sistemas de ayuda a la toma de decisiones (2016-2017)
INFO: Suscesfull update
Mon May 07 14:59:10 CEST 2018 --- Thread: 250   Diseño centrado en el usuario. Diseño para la multimedia (2016-2017)
INFO: Suscesfull update
Mon May 07 15:00:17 CEST 2018 --- Thread: 29   Sistemas legados (2016-2017)
INFO: Suscesfull update
Mon May 07 15:00:30 CEST 2018 --- Thread: 25   Sistemas de ayuda a la toma de decisiones (2016-2017)
INFO: Suscesfull update
Mon May 07 15:00:31 CEST 2018 --- Thread: 31   Comercio electrónico (2016-2017)
INFO: Suscesfull update
Mon May 07 15:00:39 CEST 2018 --- Thread: 28   Ingeniería del Software (2016-2017)
INFO: Suscesfull update
Mon May 07 15:00:41 CEST 2018 --- Thread: 24   Diseño centrado en el usuario. Diseño para la multimedia (2016-2017)
INFO: Suscesfull update
Mon May 07 15:00:43 CEST 2018 --- Thread: 27   Sistemas y tecnologías web (2016-2017)
INFO: Suscesfull update
Mon May 07 15:00:45 CEST 2018 --- Thread: 26   Seguridad informática (2016-2017)
INFO: Suscesfull update
Mon May 07 15:00:47 CEST 2018 --- Thread: 30   Diseño y administración de redes (2016-2017)
INFO: Suscesfull update
Mon May 07 15:01:56 CEST 2018 --- Thread: 103   Sistemas legados (2016-2017)
INFO: Suscesfull update
Mon May 07 15:02:17 CEST 2018 --- Thread: 102   Ingeniería del Software (2016-2017)
INFO: Suscesfull update
Mon May 07 15:02:19 CEST 2018 --- Thread: 101   Sistemas y tecnologías web (2016-2017)
INFO: Suscesfull update
Mon May 07 15:02:27 CEST 2018 --- Thread: 98   Diseño centrado en el usuario. Diseño para la multimedia (2016-2017)
INFO: Suscesfull update
Mon May 07 15:02:28 CEST 2018 --- Thread: 100   Seguridad informática (2016-2017)
INFO: Suscesfull update
Mon May 07 15:02:28 CEST 2018 --- Thread: 99   Sistemas de ayuda a la toma de decisiones (2016-2017)
INFO: Suscesfull update
Mon May 07 15:02:33 CEST 2018 --- Thread: 104   Diseño y administración de redes (2016-2017)
INFO: Suscesfull update
Mon May 07 15:02:33 CEST 2018 --- Thread: 105   Comercio electrónico (2016-2017)
INFO: Suscesfull update
Mon May 07 15:03:13 CEST 2018 --- Thread: 177   Sistemas legados (2016-2017)
INFO: Suscesfull update
Mon May 07 15:03:25 CEST 2018 --- Thread: 175   Sistemas y tecnologías web (2016-2017)
INFO: Suscesfull update
Mon May 07 15:03:33 CEST 2018 --- Thread: 173   Sistemas de ayuda a la toma de decisiones (2016-2017)
INFO: Suscesfull update
Mon May 07 15:03:35 CEST 2018 --- Thread: 172   Diseño centrado en el usuario. Diseño para la multimedia (2016-2017)
INFO: Suscesfull update
Mon May 07 15:03:39 CEST 2018 --- Thread: 179   Comercio electrónico (2016-2017)
INFO: Suscesfull update
Mon May 07 15:03:42 CEST 2018 --- Thread: 176   Ingeniería del Software (2016-2017)
INFO: Suscesfull update
Mon May 07 15:03:47 CEST 2018 --- Thread: 174   Seguridad informática (2016-2017)
INFO: Suscesfull update
Mon May 07 15:03:49 CEST 2018 --- Thread: 178   Diseño y administración de redes (2016-2017)
INFO: Suscesfull update
Mon May 07 15:05:29 CEST 2018 --- Thread: 250   Ingeniería del Software (2016-2017)
INFO: Suscesfull update
Mon May 07 15:05:30 CEST 2018 --- Thread: 251   Sistemas legados (2016-2017)
INFO: Suscesfull update
Mon May 07 15:05:33 CEST 2018 --- Thread: 249   Sistemas y tecnologías web (2016-2017)
INFO: Suscesfull update
Mon May 07 15:05:35 CEST 2018 --- Thread: 252   Diseño y administración de redes (2016-2017)
INFO: Suscesfull update
Mon May 07 15:05:36 CEST 2018 --- Thread: 248   Seguridad informática (2016-2017)
INFO: Suscesfull update
Mon May 07 15:05:37 CEST 2018 --- Thread: 253   Comercio electrónico (2016-2017)
INFO: Suscesfull update
Mon May 07 15:05:44 CEST 2018 --- Thread: 247   Sistemas de ayuda a la toma de decisiones (2016-2017)
INFO: Suscesfull update
Mon May 07 15:05:47 CEST 2018 --- Thread: 246   Diseño centrado en el usuario. Diseño para la multimedia (2016-2017)
INFO: Suscesfull update
Mon May 07 15:06:31 CEST 2018 --- Thread: 327   Comercio electrónico (2016-2017)
INFO: Suscesfull update
Mon May 07 15:06:41 CEST 2018 --- Thread: 323   Sistemas y tecnologías web (2016-2017)
INFO: Suscesfull update
Mon May 07 15:06:43 CEST 2018 --- Thread: 325   Sistemas legados (2016-2017)
INFO: Suscesfull update
Mon May 07 15:06:49 CEST 2018 --- Thread: 324   Ingeniería del Software (2016-2017)
INFO: Suscesfull update
Mon May 07 15:06:50 CEST 2018 --- Thread: 326   Diseño y administración de redes (2016-2017)
INFO: Suscesfull update
Mon May 07 15:06:55 CEST 2018 --- Thread: 321   Sistemas de ayuda a la toma de decisiones (2016-2017)
INFO: Suscesfull update
Mon May 07 15:06:56 CEST 2018 --- Thread: 320   Diseño centrado en el usuario. Diseño para la multimedia (2016-2017)
INFO: Suscesfull update
Mon May 07 15:07:01 CEST 2018 --- Thread: 322   Seguridad informática (2016-2017)
INFO: Suscesfull update
Mon May 07 15:07:49 CEST 2018 --- Thread: 399   Sistemas legados (2016-2017)
INFO: Suscesfull update
Mon May 07 15:07:56 CEST 2018 --- Thread: 400   Diseño y administración de redes (2016-2017)
INFO: Suscesfull update
Mon May 07 15:08:00 CEST 2018 --- Thread: 398   Ingeniería del Software (2016-2017)
INFO: Suscesfull update
Mon May 07 15:08:03 CEST 2018 --- Thread: 401   Comercio electrónico (2016-2017)
INFO: Suscesfull update
Mon May 07 15:08:13 CEST 2018 --- Thread: 397   Sistemas y tecnologías web (2016-2017)
INFO: Suscesfull update
Mon May 07 15:08:18 CEST 2018 --- Thread: 395   Sistemas de ayuda a la toma de decisiones (2016-2017)
INFO: Suscesfull update
Mon May 07 15:08:21 CEST 2018 --- Thread: 394   Diseño centrado en el usuario. Diseño para la multimedia (2016-2017)
INFO: Suscesfull update
Mon May 07 15:08:23 CEST 2018 --- Thread: 396   Seguridad informática (2016-2017)
INFO: Suscesfull update
Mon May 07 15:08:31 CEST 2018 --- Thread: 31   Sistemas y tecnologías web (2016-2017)
INFO: Suscesfull update
Mon May 07 15:08:38 CEST 2018 --- Thread: 35   Comercio electrónico (2016-2017)
INFO: Suscesfull update
Mon May 07 15:08:40 CEST 2018 --- Thread: 32   Ingeniería del Software (2016-2017)
INFO: Suscesfull update
Mon May 07 15:08:44 CEST 2018 --- Thread: 33   Sistemas legados (2016-2017)
INFO: Suscesfull update
Mon May 07 15:08:48 CEST 2018 --- Thread: 34   Diseño y administración de redes (2016-2017)
INFO: Suscesfull update
Mon May 07 15:08:55 CEST 2018 --- Thread: 28   Diseño centrado en el usuario. Diseño para la multimedia (2016-2017)
INFO: Suscesfull update
Mon May 07 15:08:56 CEST 2018 --- Thread: 29   Sistemas de ayuda a la toma de decisiones (2016-2017)
INFO: Suscesfull update
Mon May 07 15:09:00 CEST 2018 --- Thread: 30   Seguridad informática (2016-2017)
INFO: Suscesfull update
Mon May 07 15:10:57 CEST 2018 --- Thread: 107   Sistemas legados (2016-2017)
INFO: Suscesfull update
Mon May 07 15:11:09 CEST 2018 --- Thread: 105   Sistemas y tecnologías web (2016-2017)
INFO: Suscesfull update
Mon May 07 15:11:17 CEST 2018 --- Thread: 108   Diseño y administración de redes (2016-2017)
INFO: Suscesfull update
Mon May 07 15:11:23 CEST 2018 --- Thread: 106   Ingeniería del Software (2016-2017)
INFO: Suscesfull update
Mon May 07 15:11:24 CEST 2018 --- Thread: 109   Comercio electrónico (2016-2017)
INFO: Suscesfull update
Mon May 07 15:11:29 CEST 2018 --- Thread: 103   Sistemas de ayuda a la toma de decisiones (2016-2017)
INFO: Suscesfull update
Mon May 07 15:11:30 CEST 2018 --- Thread: 104   Seguridad informática (2016-2017)
INFO: Suscesfull update
Mon May 07 15:11:31 CEST 2018 --- Thread: 102   Diseño centrado en el usuario. Diseño para la multimedia (2016-2017)
INFO: Suscesfull update
Mon May 07 15:12:46 CEST 2018 --- Thread: 181   Sistemas legados (2016-2017)
INFO: Suscesfull update
Mon May 07 15:12:47 CEST 2018 --- Thread: 180   Ingeniería del Software (2016-2017)
INFO: Suscesfull update
Mon May 07 15:12:47 CEST 2018 --- Thread: 183   Comercio electrónico (2016-2017)
INFO: Suscesfull update
Mon May 07 15:13:02 CEST 2018 --- Thread: 178   Seguridad informática (2016-2017)
INFO: Suscesfull update
Mon May 07 15:13:07 CEST 2018 --- Thread: 179   Sistemas y tecnologías web (2016-2017)
INFO: Suscesfull update
Mon May 07 15:13:08 CEST 2018 --- Thread: 182   Diseño y administración de redes (2016-2017)
INFO: Suscesfull update
Mon May 07 15:13:11 CEST 2018 --- Thread: 176   Diseño centrado en el usuario. Diseño para la multimedia (2016-2017)
INFO: Suscesfull update
Mon May 07 15:13:16 CEST 2018 --- Thread: 177   Sistemas de ayuda a la toma de decisiones (2016-2017)
INFO: Suscesfull update
Mon May 07 15:14:42 CEST 2018 --- Thread: 255   Sistemas legados (2016-2017)
INFO: Suscesfull update
Mon May 07 15:14:53 CEST 2018 --- Thread: 253   Sistemas y tecnologías web (2016-2017)
INFO: Suscesfull update
Mon May 07 15:15:00 CEST 2018 --- Thread: 254   Ingeniería del Software (2016-2017)
INFO: Suscesfull update
Mon May 07 15:15:04 CEST 2018 --- Thread: 252   Seguridad informática (2016-2017)
INFO: Suscesfull update
Mon May 07 15:15:09 CEST 2018 --- Thread: 257   Comercio electrónico (2016-2017)
INFO: Suscesfull update
Mon May 07 15:15:11 CEST 2018 --- Thread: 251   Sistemas de ayuda a la toma de decisiones (2016-2017)
INFO: Suscesfull update
Mon May 07 15:15:15 CEST 2018 --- Thread: 256   Diseño y administración de redes (2016-2017)
INFO: Suscesfull update
Mon May 07 15:15:19 CEST 2018 --- Thread: 250   Diseño centrado en el usuario. Diseño para la multimedia (2016-2017)
INFO: Suscesfull update
Mon May 07 15:16:53 CEST 2018 --- Thread: 329   Sistemas legados (2016-2017)
INFO: Suscesfull update
Mon May 07 15:16:55 CEST 2018 --- Thread: 328   Ingeniería del Software (2016-2017)
INFO: Suscesfull update
Mon May 07 15:17:17 CEST 2018 --- Thread: 331   Comercio electrónico (2016-2017)
INFO: Suscesfull update
Mon May 07 15:17:20 CEST 2018 --- Thread: 325   Sistemas de ayuda a la toma de decisiones (2016-2017)
INFO: Suscesfull update
Mon May 07 15:17:23 CEST 2018 --- Thread: 327   Sistemas y tecnologías web (2016-2017)
INFO: Suscesfull update
Mon May 07 15:17:24 CEST 2018 --- Thread: 330   Diseño y administración de redes (2016-2017)
INFO: Suscesfull update
Mon May 07 15:17:25 CEST 2018 --- Thread: 324   Diseño centrado en el usuario. Diseño para la multimedia (2016-2017)
INFO: Suscesfull update
Mon May 07 15:17:26 CEST 2018 --- Thread: 326   Seguridad informática (2016-2017)
INFO: Suscesfull update
Mon May 07 15:19:10 CEST 2018 --- Thread: 24   Diseño centrado en el usuario. Diseño para la multimedia (2016-2017)
INFO: Suscesfull update
Mon May 07 15:19:13 CEST 2018 --- Thread: 28   Ingeniería del Software (2016-2017)
INFO: Suscesfull update
Mon May 07 15:19:15 CEST 2018 --- Thread: 30   Diseño y administración de redes (2016-2017)
INFO: Suscesfull update
Mon May 07 15:19:19 CEST 2018 --- Thread: 27   Sistemas y tecnologías web (2016-2017)
INFO: Suscesfull update
Mon May 07 15:19:20 CEST 2018 --- Thread: 29   Sistemas legados (2016-2017)
INFO: Suscesfull update
Mon May 07 15:19:24 CEST 2018 --- Thread: 31   Comercio electrónico (2016-2017)
INFO: Suscesfull update
Mon May 07 15:19:26 CEST 2018 --- Thread: 26   Seguridad informática (2016-2017)
INFO: Suscesfull update
Mon May 07 15:19:28 CEST 2018 --- Thread: 25   Sistemas de ayuda a la toma de decisiones (2016-2017)
INFO: Suscesfull update
Mon May 07 15:23:02 CEST 2018 --- Thread: 103   Sistemas legados (2016-2017)
INFO: Suscesfull update
Mon May 07 15:23:12 CEST 2018 --- Thread: 102   Ingeniería del Software (2016-2017)
INFO: Suscesfull update
Mon May 07 15:31:09 CEST 2018 --- Thread: 29   Sistemas legados (2016-2017)
INFO: Suscesfull update
Mon May 07 15:31:28 CEST 2018 --- Thread: 30   Diseño y administración de redes (2016-2017)
INFO: Suscesfull update
Mon May 07 15:31:30 CEST 2018 --- Thread: 28   Ingeniería del Software (2016-2017)
INFO: Suscesfull update
Mon May 07 15:31:31 CEST 2018 --- Thread: 31   Comercio electrónico (2016-2017)
INFO: Suscesfull update
Mon May 07 15:31:36 CEST 2018 --- Thread: 27   Sistemas y tecnologías web (2016-2017)
INFO: Suscesfull update
Mon May 07 15:31:47 CEST 2018 --- Thread: 24   Diseño centrado en el usuario. Diseño para la multimedia (2016-2017)
INFO: Suscesfull update
Mon May 07 15:31:48 CEST 2018 --- Thread: 25   Sistemas de ayuda a la toma de decisiones (2016-2017)
INFO: Suscesfull update
Mon May 07 15:31:50 CEST 2018 --- Thread: 26   Seguridad informática (2016-2017)
INFO: Suscesfull update
Mon May 07 15:32:00 CEST 2018 --- Thread: 103   Sistemas legados (2016-2017)
INFO: Suscesfull update
Mon May 07 15:32:21 CEST 2018 --- Thread: 105   Comercio electrónico (2016-2017)
INFO: Suscesfull update
Mon May 07 15:32:24 CEST 2018 --- Thread: 101   Sistemas y tecnologías web (2016-2017)
INFO: Suscesfull update
Mon May 07 15:32:34 CEST 2018 --- Thread: 100   Seguridad informática (2016-2017)
INFO: Suscesfull update
Mon May 07 15:32:34 CEST 2018 --- Thread: 104   Diseño y administración de redes (2016-2017)
INFO: Suscesfull update
Mon May 07 15:32:37 CEST 2018 --- Thread: 99   Sistemas de ayuda a la toma de decisiones (2016-2017)
INFO: Suscesfull update
Mon May 07 15:32:38 CEST 2018 --- Thread: 102   Ingeniería del Software (2016-2017)
INFO: Suscesfull update
Mon May 07 15:32:41 CEST 2018 --- Thread: 98   Diseño centrado en el usuario. Diseño para la multimedia (2016-2017)
INFO: Suscesfull update
Mon May 07 15:33:10 CEST 2018 --- Thread: 179   Comercio electrónico (2016-2017)
INFO: Suscesfull update
Mon May 07 15:33:13 CEST 2018 --- Thread: 175   Sistemas y tecnologías web (2016-2017)
INFO: Suscesfull update
Mon May 07 15:33:16 CEST 2018 --- Thread: 176   Ingeniería del Software (2016-2017)
INFO: Suscesfull update
Mon May 07 15:33:16 CEST 2018 --- Thread: 177   Sistemas legados (2016-2017)
INFO: Suscesfull update
Mon May 07 15:33:20 CEST 2018 --- Thread: 178   Diseño y administración de redes (2016-2017)
INFO: Suscesfull update
Mon May 07 15:33:26 CEST 2018 --- Thread: 173   Sistemas de ayuda a la toma de decisiones (2016-2017)
INFO: Suscesfull update
Mon May 07 15:33:31 CEST 2018 --- Thread: 174   Seguridad informática (2016-2017)
INFO: Suscesfull update
Mon May 07 15:33:33 CEST 2018 --- Thread: 172   Diseño centrado en el usuario. Diseño para la multimedia (2016-2017)
INFO: Suscesfull update
Mon May 07 15:33:44 CEST 2018 --- Thread: 251   Sistemas legados (2016-2017)
INFO: Suscesfull update
Mon May 07 15:33:59 CEST 2018 --- Thread: 250   Ingeniería del Software (2016-2017)
INFO: Suscesfull update
Mon May 07 15:34:05 CEST 2018 --- Thread: 253   Comercio electrónico (2016-2017)
INFO: Suscesfull update
Mon May 07 15:34:14 CEST 2018 --- Thread: 252   Diseño y administración de redes (2016-2017)
INFO: Suscesfull update
Mon May 07 15:34:16 CEST 2018 --- Thread: 247   Sistemas de ayuda a la toma de decisiones (2016-2017)
INFO: Suscesfull update
Mon May 07 15:34:18 CEST 2018 --- Thread: 249   Sistemas y tecnologías web (2016-2017)
INFO: Suscesfull update
Mon May 07 15:34:26 CEST 2018 --- Thread: 248   Seguridad informática (2016-2017)
INFO: Suscesfull update
Mon May 07 15:34:27 CEST 2018 --- Thread: 246   Diseño centrado en el usuario. Diseño para la multimedia (2016-2017)
INFO: Suscesfull update
Mon May 07 15:35:08 CEST 2018 --- Thread: 325   Sistemas legados (2016-2017)
INFO: Suscesfull update
Mon May 07 15:35:22 CEST 2018 --- Thread: 324   Ingeniería del Software (2016-2017)
INFO: Suscesfull update
Mon May 07 15:35:32 CEST 2018 --- Thread: 321   Sistemas de ayuda a la toma de decisiones (2016-2017)
INFO: Suscesfull update
Mon May 07 15:35:38 CEST 2018 --- Thread: 323   Sistemas y tecnologías web (2016-2017)
INFO: Suscesfull update
Mon May 07 15:35:43 CEST 2018 --- Thread: 322   Seguridad informática (2016-2017)
INFO: Suscesfull update
Mon May 07 15:35:45 CEST 2018 --- Thread: 327   Comercio electrónico (2016-2017)
INFO: Suscesfull update
Mon May 07 15:35:48 CEST 2018 --- Thread: 320   Diseño centrado en el usuario. Diseño para la multimedia (2016-2017)
INFO: Suscesfull update
Mon May 07 15:35:49 CEST 2018 --- Thread: 326   Diseño y administración de redes (2016-2017)
INFO: Suscesfull update
Mon May 07 15:36:40 CEST 2018 --- Thread: 399   Sistemas legados (2016-2017)
INFO: Suscesfull update
Mon May 07 15:36:54 CEST 2018 --- Thread: 400   Diseño y administración de redes (2016-2017)
INFO: Suscesfull update
Mon May 07 15:37:01 CEST 2018 --- Thread: 397   Sistemas y tecnologías web (2016-2017)
INFO: Suscesfull update
Mon May 07 15:37:05 CEST 2018 --- Thread: 401   Comercio electrónico (2016-2017)
INFO: Suscesfull update
Mon May 07 15:37:13 CEST 2018 --- Thread: 398   Ingeniería del Software (2016-2017)
INFO: Suscesfull update
Mon May 07 15:37:17 CEST 2018 --- Thread: 395   Sistemas de ayuda a la toma de decisiones (2016-2017)
INFO: Suscesfull update
Mon May 07 15:37:20 CEST 2018 --- Thread: 394   Diseño centrado en el usuario. Diseño para la multimedia (2016-2017)
INFO: Suscesfull update
Mon May 07 15:37:21 CEST 2018 --- Thread: 396   Seguridad informática (2016-2017)
INFO: Suscesfull update
Mon May 07 15:40:59 CEST 2018 --- Thread: 473   Sistemas legados (2016-2017)
INFO: Suscesfull update
Mon May 07 15:41:13 CEST 2018 --- Thread: 472   Ingeniería del Software (2016-2017)
INFO: Suscesfull update
Mon May 07 15:41:18 CEST 2018 --- Thread: 475   Comercio electrónico (2016-2017)
INFO: Suscesfull update
Mon May 07 15:41:21 CEST 2018 --- Thread: 471   Sistemas y tecnologías web (2016-2017)
INFO: Suscesfull update
Mon May 07 15:41:31 CEST 2018 --- Thread: 468   Diseño centrado en el usuario. Diseño para la multimedia (2016-2017)
INFO: Suscesfull update
Mon May 07 15:41:32 CEST 2018 --- Thread: 474   Diseño y administración de redes (2016-2017)
INFO: Suscesfull update
Mon May 07 15:41:36 CEST 2018 --- Thread: 470   Seguridad informática (2016-2017)
INFO: Suscesfull update
Mon May 07 15:41:37 CEST 2018 --- Thread: 469   Sistemas de ayuda a la toma de decisiones (2016-2017)
INFO: Suscesfull update
Mon May 07 15:44:30 CEST 2018 --- Thread: 34   Diseño y administración de redes (2016-2017)
INFO: Suscesfull update
Mon May 07 15:44:35 CEST 2018 --- Thread: 32   Ingeniería del Software (2016-2017)
INFO: Suscesfull update
Mon May 07 15:44:38 CEST 2018 --- Thread: 31   Sistemas y tecnologías web (2016-2017)
INFO: Suscesfull update
Mon May 07 15:44:42 CEST 2018 --- Thread: 33   Sistemas legados (2016-2017)
INFO: Suscesfull update
Mon May 07 15:44:51 CEST 2018 --- Thread: 35   Comercio electrónico (2016-2017)
INFO: Suscesfull update
Mon May 07 15:44:54 CEST 2018 --- Thread: 29   Sistemas de ayuda a la toma de decisiones (2016-2017)
INFO: Suscesfull update
Mon May 07 15:44:58 CEST 2018 --- Thread: 28   Diseño centrado en el usuario. Diseño para la multimedia (2016-2017)
INFO: Suscesfull update
Mon May 07 15:45:00 CEST 2018 --- Thread: 30   Seguridad informática (2016-2017)
INFO: Suscesfull update
Mon May 07 15:45:56 CEST 2018 --- Thread: 107   Sistemas legados (2016-2017)
INFO: Suscesfull update
Mon May 07 15:46:16 CEST 2018 --- Thread: 106   Ingeniería del Software (2016-2017)
INFO: Suscesfull update
Mon May 07 15:46:27 CEST 2018 --- Thread: 104   Seguridad informática (2016-2017)
INFO: Suscesfull update
Mon May 07 15:46:30 CEST 2018 --- Thread: 108   Diseño y administración de redes (2016-2017)
INFO: Suscesfull update
Mon May 07 15:46:37 CEST 2018 --- Thread: 102   Diseño centrado en el usuario. Diseño para la multimedia (2016-2017)
INFO: Suscesfull update
Mon May 07 15:46:38 CEST 2018 --- Thread: 103   Sistemas de ayuda a la toma de decisiones (2016-2017)
INFO: Suscesfull update
Mon May 07 15:46:40 CEST 2018 --- Thread: 109   Comercio electrónico (2016-2017)
INFO: Suscesfull update
Mon May 07 15:46:40 CEST 2018 --- Thread: 105   Sistemas y tecnologías web (2016-2017)
INFO: Suscesfull update
Mon May 07 15:47:10 CEST 2018 --- Thread: 181   Sistemas legados (2016-2017)
INFO: Suscesfull update
Mon May 07 15:47:24 CEST 2018 --- Thread: 183   Comercio electrónico (2016-2017)
INFO: Suscesfull update
Mon May 07 15:47:40 CEST 2018 --- Thread: 180   Ingeniería del Software (2016-2017)
INFO: Suscesfull update
Mon May 07 15:47:43 CEST 2018 --- Thread: 179   Sistemas y tecnologías web (2016-2017)
INFO: Suscesfull update
Mon May 07 15:47:43 CEST 2018 --- Thread: 182   Diseño y administración de redes (2016-2017)
INFO: Suscesfull update
Mon May 07 16:08:30 CEST 2018 --- Thread: 32   Ingeniería del Software (2016-2017)
INFO: Suscesfull update
Mon May 07 16:08:39 CEST 2018 --- Thread: 33   Sistemas legados (2016-2017)
INFO: Suscesfull update
Mon May 07 16:08:45 CEST 2018 --- Thread: 31   Sistemas y tecnologías web (2016-2017)
INFO: Suscesfull update
Mon May 07 16:08:51 CEST 2018 --- Thread: 34   Diseño y administración de redes (2016-2017)
INFO: Suscesfull update
Mon May 07 16:08:55 CEST 2018 --- Thread: 29   Sistemas de ayuda a la toma de decisiones (2016-2017)
INFO: Suscesfull update
Mon May 07 16:08:57 CEST 2018 --- Thread: 30   Seguridad informática (2016-2017)
INFO: Suscesfull update
Mon May 07 16:08:59 CEST 2018 --- Thread: 35   Comercio electrónico (2016-2017)
INFO: Suscesfull update
Mon May 07 16:08:59 CEST 2018 --- Thread: 28   Diseño centrado en el usuario. Diseño para la multimedia (2016-2017)
INFO: Suscesfull update
Mon May 07 16:10:40 CEST 2018 --- Thread: 107   Sistemas legados (2016-2017)
INFO: Suscesfull update
Mon May 07 16:11:04 CEST 2018 --- Thread: 109   Comercio electrónico (2016-2017)
INFO: Suscesfull update
Mon May 07 16:11:09 CEST 2018 --- Thread: 108   Diseño y administración de redes (2016-2017)
INFO: Suscesfull update
Mon May 07 16:11:12 CEST 2018 --- Thread: 106   Ingeniería del Software (2016-2017)
INFO: Suscesfull update
Mon May 07 16:11:14 CEST 2018 --- Thread: 105   Sistemas y tecnologías web (2016-2017)
INFO: Suscesfull update
Mon May 07 16:11:16 CEST 2018 --- Thread: 103   Sistemas de ayuda a la toma de decisiones (2016-2017)
INFO: Suscesfull update
Mon May 07 16:11:22 CEST 2018 --- Thread: 104   Seguridad informática (2016-2017)
INFO: Suscesfull update
Mon May 07 16:11:24 CEST 2018 --- Thread: 102   Diseño centrado en el usuario. Diseño para la multimedia (2016-2017)
INFO: Suscesfull update
Mon May 07 16:11:45 CEST 2018 --- Thread: 181   Sistemas legados (2016-2017)
INFO: Suscesfull update
Mon May 07 16:11:59 CEST 2018 --- Thread: 179   Sistemas y tecnologías web (2016-2017)
INFO: Suscesfull update
Mon May 07 16:12:53 CEST 2018 --- Thread: 27   Sistemas y tecnologías web (2016-2017)
INFO: Suscesfull update
Mon May 07 16:12:57 CEST 2018 --- Thread: 30   Diseño y administración de redes (2016-2017)
INFO: Suscesfull update
Mon May 07 16:13:01 CEST 2018 --- Thread: 28   Ingeniería del Software (2016-2017)
INFO: Suscesfull update
Mon May 07 16:13:05 CEST 2018 --- Thread: 31   Comercio electrónico (2016-2017)
INFO: Suscesfull update
Mon May 07 16:13:07 CEST 2018 --- Thread: 29   Sistemas legados (2016-2017)
INFO: Suscesfull update
Mon May 07 16:13:11 CEST 2018 --- Thread: 24   Diseño centrado en el usuario. Diseño para la multimedia (2016-2017)
INFO: Suscesfull update
Mon May 07 16:13:12 CEST 2018 --- Thread: 26   Seguridad informática (2016-2017)
INFO: Suscesfull update
Mon May 07 16:13:13 CEST 2018 --- Thread: 25   Sistemas de ayuda a la toma de decisiones (2016-2017)
INFO: Suscesfull update
Mon May 07 16:14:05 CEST 2018 --- Thread: 103   Sistemas legados (2016-2017)
INFO: Suscesfull update
Mon May 07 16:14:32 CEST 2018 --- Thread: 102   Ingeniería del Software (2016-2017)
INFO: Suscesfull update
Mon May 07 16:14:33 CEST 2018 --- Thread: 104   Diseño y administración de redes (2016-2017)
INFO: Suscesfull update
Mon May 07 16:14:35 CEST 2018 --- Thread: 105   Comercio electrónico (2016-2017)
INFO: Suscesfull update
Mon May 07 16:14:42 CEST 2018 --- Thread: 101   Sistemas y tecnologías web (2016-2017)
INFO: Suscesfull update
Mon May 07 16:14:43 CEST 2018 --- Thread: 100   Seguridad informática (2016-2017)
INFO: Suscesfull update
Mon May 07 16:14:44 CEST 2018 --- Thread: 99   Sistemas de ayuda a la toma de decisiones (2016-2017)
INFO: Suscesfull update
Mon May 07 16:14:51 CEST 2018 --- Thread: 98   Diseño centrado en el usuario. Diseño para la multimedia (2016-2017)
INFO: Suscesfull update
Mon May 07 16:15:15 CEST 2018 --- Thread: 177   Sistemas legados (2016-2017)
INFO: Suscesfull update
Mon May 07 16:15:23 CEST 2018 --- Thread: 175   Sistemas y tecnologías web (2016-2017)
INFO: Suscesfull update
Mon May 07 16:15:31 CEST 2018 --- Thread: 178   Diseño y administración de redes (2016-2017)
INFO: Suscesfull update
Mon May 07 16:15:37 CEST 2018 --- Thread: 176   Ingeniería del Software (2016-2017)
INFO: Suscesfull update
Mon May 07 16:15:41 CEST 2018 --- Thread: 179   Comercio electrónico (2016-2017)
INFO: Suscesfull update
Mon May 07 16:15:42 CEST 2018 --- Thread: 173   Sistemas de ayuda a la toma de decisiones (2016-2017)
INFO: Suscesfull update
Mon May 07 16:15:48 CEST 2018 --- Thread: 174   Seguridad informática (2016-2017)
INFO: Suscesfull update
Mon May 07 16:15:51 CEST 2018 --- Thread: 172   Diseño centrado en el usuario. Diseño para la multimedia (2016-2017)
INFO: Suscesfull update
Mon May 07 16:17:08 CEST 2018 --- Thread: 251   Sistemas legados (2016-2017)
INFO: Suscesfull update
Mon May 07 16:17:32 CEST 2018 --- Thread: 252   Diseño y administración de redes (2016-2017)
INFO: Suscesfull update
Mon May 07 16:17:33 CEST 2018 --- Thread: 253   Comercio electrónico (2016-2017)
INFO: Suscesfull update
Mon May 07 16:17:34 CEST 2018 --- Thread: 249   Sistemas y tecnologías web (2016-2017)
INFO: Suscesfull update
Mon May 07 16:17:45 CEST 2018 --- Thread: 246   Diseño centrado en el usuario. Diseño para la multimedia (2016-2017)
INFO: Suscesfull update
Mon May 07 16:17:46 CEST 2018 --- Thread: 250   Ingeniería del Software (2016-2017)
INFO: Suscesfull update
Mon May 07 16:17:47 CEST 2018 --- Thread: 247   Sistemas de ayuda a la toma de decisiones (2016-2017)
INFO: Suscesfull update
Mon May 07 16:17:49 CEST 2018 --- Thread: 248   Seguridad informática (2016-2017)
INFO: Suscesfull update
Mon May 07 16:18:16 CEST 2018 --- Thread: 325   Sistemas legados (2016-2017)
INFO: Suscesfull update
Mon May 07 16:18:35 CEST 2018 --- Thread: 324   Ingeniería del Software (2016-2017)
INFO: Suscesfull update
Mon May 07 16:18:44 CEST 2018 --- Thread: 323   Sistemas y tecnologías web (2016-2017)
INFO: Suscesfull update
Mon May 07 16:18:45 CEST 2018 --- Thread: 327   Comercio electrónico (2016-2017)
INFO: Suscesfull update
Mon May 07 16:18:52 CEST 2018 --- Thread: 321   Sistemas de ayuda a la toma de decisiones (2016-2017)
INFO: Suscesfull update
Mon May 07 16:18:52 CEST 2018 --- Thread: 322   Seguridad informática (2016-2017)
INFO: Suscesfull update
Mon May 07 16:19:07 CEST 2018 --- Thread: 326   wrapper.tree.Node.descender
WARNING: Section:Bloque 1. Interconexión de redes IPv4
java.net.ConnectException: Connection timed out: connect
	at java.net.DualStackPlainSocketImpl.waitForConnect(Native Method)
	at java.net.DualStackPlainSocketImpl.socketConnect(DualStackPlainSocketImpl.java:85)
	at java.net.AbstractPlainSocketImpl.doConnect(AbstractPlainSocketImpl.java:350)
	at java.net.AbstractPlainSocketImpl.connectToAddress(AbstractPlainSocketImpl.java:206)
	at java.net.AbstractPlainSocketImpl.connect(AbstractPlainSocketImpl.java:188)
	at java.net.PlainSocketImpl.connect(PlainSocketImpl.java:172)
	at java.net.SocksSocketImpl.connect(SocksSocketImpl.java:392)
	at java.net.Socket.connect(Socket.java:589)
	at sun.security.ssl.SSLSocketImpl.connect(SSLSocketImpl.java:668)
	at sun.net.NetworkClient.doConnect(NetworkClient.java:175)
	at sun.net.www.http.HttpClient.openServer(HttpClient.java:432)
	at sun.net.www.http.HttpClient.openServer(HttpClient.java:527)
	at sun.net.www.protocol.https.HttpsClient.<init>(HttpsClient.java:264)
	at sun.net.www.protocol.https.HttpsClient.New(HttpsClient.java:367)
	at sun.net.www.protocol.https.AbstractDelegateHttpsURLConnection.getNewHttpClient(AbstractDelegateHttpsURLConnection.java:191)
	at sun.net.www.protocol.http.HttpURLConnection.plainConnect0(HttpURLConnection.java:1105)
	at sun.net.www.protocol.http.HttpURLConnection.plainConnect(HttpURLConnection.java:999)
	at sun.net.www.protocol.https.AbstractDelegateHttpsURLConnection.connect(AbstractDelegateHttpsURLConnection.java:177)
	at sun.net.www.protocol.https.HttpsURLConnectionImpl.connect(HttpsURLConnectionImpl.java:153)
	at org.jsoup.helper.HttpConnection$Response.execute(HttpConnection.java:730)
	at org.jsoup.helper.HttpConnection$Response.execute(HttpConnection.java:706)
	at org.jsoup.helper.HttpConnection.execute(HttpConnection.java:299)
	at org.jsoup.helper.HttpConnection.get(HttpConnection.java:288)
	at wrapper.tree.Node.descender(Node.java:185)
	at wrapper.tree.Node.descender(Node.java:212)
	at wrapper.init.TaskWrap.call(TaskWrap.java:25)
	at wrapper.init.TaskWrap.call(TaskWrap.java:13)
	at java.util.concurrent.FutureTask.run(FutureTask.java:266)
	at java.util.concurrent.ThreadPoolExecutor.runWorker(ThreadPoolExecutor.java:1142)
	at java.util.concurrent.ThreadPoolExecutor$Worker.run(ThreadPoolExecutor.java:617)
	at java.lang.Thread.run(Thread.java:745)

Mon May 07 16:19:08 CEST 2018 --- Thread: 326   Diseño y administración de redes (2016-2017)
INFO: Suscesfull update
Mon May 07 16:19:09 CEST 2018 --- Thread: 320   wrapper.tree.Node.descender
WARNING: Section:Tema 6
java.net.ConnectException: Connection timed out: connect
	at java.net.DualStackPlainSocketImpl.waitForConnect(Native Method)
	at java.net.DualStackPlainSocketImpl.socketConnect(DualStackPlainSocketImpl.java:85)
	at java.net.AbstractPlainSocketImpl.doConnect(AbstractPlainSocketImpl.java:350)
	at java.net.AbstractPlainSocketImpl.connectToAddress(AbstractPlainSocketImpl.java:206)
	at java.net.AbstractPlainSocketImpl.connect(AbstractPlainSocketImpl.java:188)
	at java.net.PlainSocketImpl.connect(PlainSocketImpl.java:172)
	at java.net.SocksSocketImpl.connect(SocksSocketImpl.java:392)
	at java.net.Socket.connect(Socket.java:589)
	at sun.security.ssl.SSLSocketImpl.connect(SSLSocketImpl.java:668)
	at sun.net.NetworkClient.doConnect(NetworkClient.java:175)
	at sun.net.www.http.HttpClient.openServer(HttpClient.java:432)
	at sun.net.www.http.HttpClient.openServer(HttpClient.java:527)
	at sun.net.www.protocol.https.HttpsClient.<init>(HttpsClient.java:264)
	at sun.net.www.protocol.https.HttpsClient.New(HttpsClient.java:367)
	at sun.net.www.protocol.https.AbstractDelegateHttpsURLConnection.getNewHttpClient(AbstractDelegateHttpsURLConnection.java:191)
	at sun.net.www.protocol.http.HttpURLConnection.plainConnect0(HttpURLConnection.java:1105)
	at sun.net.www.protocol.http.HttpURLConnection.plainConnect(HttpURLConnection.java:999)
	at sun.net.www.protocol.https.AbstractDelegateHttpsURLConnection.connect(AbstractDelegateHttpsURLConnection.java:177)
	at sun.net.www.protocol.https.HttpsURLConnectionImpl.connect(HttpsURLConnectionImpl.java:153)
	at org.jsoup.helper.HttpConnection$Response.execute(HttpConnection.java:730)
	at org.jsoup.helper.HttpConnection$Response.execute(HttpConnection.java:706)
	at org.jsoup.helper.HttpConnection.execute(HttpConnection.java:299)
	at org.jsoup.helper.HttpConnection.get(HttpConnection.java:288)
	at wrapper.tree.Node.descender(Node.java:185)
	at wrapper.tree.Node.descender(Node.java:212)
	at wrapper.init.TaskWrap.call(TaskWrap.java:25)
	at wrapper.init.TaskWrap.call(TaskWrap.java:13)
	at java.util.concurrent.FutureTask.run(FutureTask.java:266)
	at java.util.concurrent.ThreadPoolExecutor.runWorker(ThreadPoolExecutor.java:1142)
	at java.util.concurrent.ThreadPoolExecutor$Worker.run(ThreadPoolExecutor.java:617)
	at java.lang.Thread.run(Thread.java:745)

Mon May 07 16:19:13 CEST 2018 --- Thread: 320   Diseño centrado en el usuario. Diseño para la multimedia (2016-2017)
INFO: Suscesfull update
Mon May 07 16:20:23 CEST 2018 --- Thread: 397   Sistemas legados (2016-2017)
INFO: Suscesfull update
Mon May 07 16:20:43 CEST 2018 --- Thread: 398   Diseño y administración de redes (2016-2017)
INFO: Suscesfull update
Mon May 07 16:20:51 CEST 2018 --- Thread: 395   Sistemas y tecnologías web (2016-2017)
INFO: Suscesfull update
Mon May 07 16:20:52 CEST 2018 --- Thread: 399   Comercio electrónico (2016-2017)
INFO: Suscesfull update
Mon May 07 16:21:01 CEST 2018 --- Thread: 394   Seguridad informática (2016-2017)
INFO: Suscesfull update
Mon May 07 16:21:03 CEST 2018 --- Thread: 396   Ingeniería del Software (2016-2017)
INFO: Suscesfull update
Mon May 07 16:21:07 CEST 2018 --- Thread: 393   Sistemas de ayuda a la toma de decisiones (2016-2017)
INFO: Suscesfull update
Mon May 07 16:21:09 CEST 2018 --- Thread: 392   Diseño centrado en el usuario. Diseño para la multimedia (2016-2017)
INFO: Suscesfull update
Mon May 07 16:22:32 CEST 2018 --- Thread: 471   Sistemas legados (2016-2017)
INFO: Suscesfull update
Mon May 07 16:22:49 CEST 2018 --- Thread: 470   Ingeniería del Software (2016-2017)
INFO: Suscesfull update
Mon May 07 16:23:00 CEST 2018 --- Thread: 473   Comercio electrónico (2016-2017)
INFO: Suscesfull update
Mon May 07 16:23:03 CEST 2018 --- Thread: 472   Diseño y administración de redes (2016-2017)
INFO: Suscesfull update
Mon May 07 16:23:13 CEST 2018 --- Thread: 467   Sistemas de ayuda a la toma de decisiones (2016-2017)
INFO: Suscesfull update
Mon May 07 16:23:14 CEST 2018 --- Thread: 466   Diseño centrado en el usuario. Diseño para la multimedia (2016-2017)
INFO: Suscesfull update
Mon May 07 16:25:06 CEST 2018 --- Thread: 541   Sistemas legados (2016-2017)
INFO: Suscesfull update
Mon May 07 16:25:18 CEST 2018 --- Thread: 543   Comercio electrónico (2016-2017)
INFO: Suscesfull update
Mon May 07 16:25:22 CEST 2018 --- Thread: 537   Sistemas de ayuda a la toma de decisiones (2016-2017)
INFO: Suscesfull update
Mon May 07 16:25:28 CEST 2018 --- Thread: 536   Diseño centrado en el usuario. Diseño para la multimedia (2016-2017)
INFO: Suscesfull update
Mon May 07 16:25:33 CEST 2018 --- Thread: 540   Ingeniería del Software (2016-2017)
INFO: Suscesfull update
Mon May 07 16:25:35 CEST 2018 --- Thread: 542   Diseño y administración de redes (2016-2017)
INFO: Suscesfull update
Mon May 07 16:25:36 CEST 2018 --- Thread: 539   Sistemas y tecnologías web (2016-2017)
INFO: Suscesfull update
Mon May 07 17:29:06 CEST 2018 --- Thread: 29   Sistemas legados (2016-2017)
INFO: Suscesfull update
Mon May 07 17:29:32 CEST 2018 --- Thread: 28   Ingeniería del Software (2016-2017)
INFO: Suscesfull update
Mon May 07 17:29:40 CEST 2018 --- Thread: 31   Comercio electrónico (2016-2017)
INFO: Suscesfull update
Mon May 07 17:29:41 CEST 2018 --- Thread: 24   Diseño centrado en el usuario. Diseño para la multimedia (2016-2017)
INFO: Suscesfull update
Mon May 07 17:29:48 CEST 2018 --- Thread: 30   Diseño y administración de redes (2016-2017)
INFO: Suscesfull update
Mon May 07 17:29:50 CEST 2018 --- Thread: 27   Sistemas y tecnologías web (2016-2017)
INFO: Suscesfull update
Mon May 07 17:29:50 CEST 2018 --- Thread: 25   Sistemas de ayuda a la toma de decisiones (2016-2017)
INFO: Suscesfull update
Mon May 07 17:29:52 CEST 2018 --- Thread: 26   Seguridad informática (2016-2017)
INFO: Suscesfull update
Mon May 07 17:30:26 CEST 2018 --- Thread: 102   Ingeniería del Software (2016-2017)
INFO: Suscesfull update
Mon May 07 17:30:31 CEST 2018 --- Thread: 103   Sistemas legados (2016-2017)
INFO: Suscesfull update
Mon May 07 17:30:45 CEST 2018 --- Thread: 99   Sistemas de ayuda a la toma de decisiones (2016-2017)
INFO: Suscesfull update
Mon May 07 17:30:47 CEST 2018 --- Thread: 104   Diseño y administración de redes (2016-2017)
INFO: Suscesfull update
Mon May 07 17:30:48 CEST 2018 --- Thread: 101   Sistemas y tecnologías web (2016-2017)
INFO: Suscesfull update
Mon May 07 17:30:50 CEST 2018 --- Thread: 100   Seguridad informática (2016-2017)
INFO: Suscesfull update
Mon May 07 17:30:51 CEST 2018 --- Thread: 105   Comercio electrónico (2016-2017)
INFO: Suscesfull update
Mon May 07 17:31:00 CEST 2018 --- Thread: 98   Diseño centrado en el usuario. Diseño para la multimedia (2016-2017)
INFO: Suscesfull update
Mon May 07 17:32:31 CEST 2018 --- Thread: 177   Sistemas legados (2016-2017)
INFO: Suscesfull update
Mon May 07 17:32:45 CEST 2018 --- Thread: 175   Sistemas y tecnologías web (2016-2017)
INFO: Suscesfull update
Mon May 07 17:32:54 CEST 2018 --- Thread: 179   Comercio electrónico (2016-2017)
INFO: Suscesfull update
Mon May 07 17:32:58 CEST 2018 --- Thread: 174   Seguridad informática (2016-2017)
INFO: Suscesfull update
Mon May 07 17:33:03 CEST 2018 --- Thread: 178   Diseño y administración de redes (2016-2017)
INFO: Suscesfull update
Mon May 07 17:33:05 CEST 2018 --- Thread: 173   Sistemas de ayuda a la toma de decisiones (2016-2017)
INFO: Suscesfull update
Mon May 07 17:33:09 CEST 2018 --- Thread: 176   Ingeniería del Software (2016-2017)
INFO: Suscesfull update
Mon May 07 17:33:11 CEST 2018 --- Thread: 172   Diseño centrado en el usuario. Diseño para la multimedia (2016-2017)
INFO: Suscesfull update
Mon May 07 17:37:00 CEST 2018 --- Thread: 29   Sistemas legados (2016-2017)
INFO: Suscesfull update
Mon May 07 17:37:05 CEST 2018 --- Thread: 27   Sistemas y tecnologías web (2016-2017)
INFO: Suscesfull update
Mon May 07 17:37:16 CEST 2018 --- Thread: 28   Ingeniería del Software (2016-2017)
INFO: Suscesfull update
Mon May 07 17:37:17 CEST 2018 --- Thread: 24   Diseño centrado en el usuario. Diseño para la multimedia (2016-2017)
INFO: Suscesfull update
Mon May 07 17:37:18 CEST 2018 --- Thread: 31   Comercio electrónico (2016-2017)
INFO: Suscesfull update
Mon May 07 17:37:23 CEST 2018 --- Thread: 30   Diseño y administración de redes (2016-2017)
INFO: Suscesfull update
Mon May 07 17:37:28 CEST 2018 --- Thread: 25   Sistemas de ayuda a la toma de decisiones (2016-2017)
INFO: Suscesfull update
Mon May 07 17:37:28 CEST 2018 --- Thread: 26   Seguridad informática (2016-2017)
INFO: Suscesfull update